1583399077126	mozrunner::runner	INFO	Running command: "C:\\Program Files\\Mozilla Firefox\\firefox.exe" "-marionette" "-foreground" "-no-remote" "-profile" "C:\\Users\\CRISTI~1.DIA\\AppData\\Local\\Temp\\rust_mozprofilesGmBJh"
1583399078048	addons.webextension.doh-rollout@mozilla.org	WARN	Loading extension 'doh-rollout@mozilla.org': Reading manifest: Invalid extension permission: networkStatus
1583399078078	addons.webextension.screenshots@mozilla.org	WARN	Loading extension 'screenshots@mozilla.org': Reading manifest: Invalid extension permission: mozillaAddons
1583399078079	addons.webextension.screenshots@mozilla.org	WARN	Loading extension 'screenshots@mozilla.org': Reading manifest: Invalid extension permission: telemetry
1583399078079	addons.webextension.screenshots@mozilla.org	WARN	Loading extension 'screenshots@mozilla.org': Reading manifest: Invalid extension permission: resource://pdf.js/
1583399078079	addons.webextension.screenshots@mozilla.org	WARN	Loading extension 'screenshots@mozilla.org': Reading manifest: Invalid extension permission: about:reader*
JavaScript error: resource://gre/modules/XULStore.jsm, line 66: Error: Can't find profile directory.
1583399079867	Marionette	INFO	Listening on port 60435
1583399080357	Marionette	WARN	TLS certificate errors will be ignored for this session
[Parent 16424, Gecko_IOThread] WARNING: file z:/task_1581105380/build/src/ipc/chromium/src/chrome/common/ipc_channel_win.cc, line 307
[Parent 16424, Gecko_IOThread] WARNING: file z:/task_1581105380/build/src/ipc/chromium/src/chrome/common/ipc_channel_win.cc, line 307
1583399094400	Marionette	INFO	Stopped listening on port 60435

###!!! [Child][RunMessage] Error: Channel closing: too late to send/recv, messages will be lost


###!!! [Child][MessageChannel::SendAndWait] Error: Channel error: cannot send/recv

1583399369705	mozrunner::runner	INFO	Running command: "C:\\Program Files\\Mozilla Firefox\\firefox.exe" "-marionette" "-foreground" "-no-remote" "-profile" "C:\\Users\\CRISTI~1.DIA\\AppData\\Local\\Temp\\rust_mozprofile91a3j1"
1583399370075	addons.webextension.doh-rollout@mozilla.org	WARN	Loading extension 'doh-rollout@mozilla.org': Reading manifest: Invalid extension permission: networkStatus
1583399370101	addons.webextension.screenshots@mozilla.org	WARN	Loading extension 'screenshots@mozilla.org': Reading manifest: Invalid extension permission: mozillaAddons
1583399370101	addons.webextension.screenshots@mozilla.org	WARN	Loading extension 'screenshots@mozilla.org': Reading manifest: Invalid extension permission: telemetry
1583399370101	addons.webextension.screenshots@mozilla.org	WARN	Loading extension 'screenshots@mozilla.org': Reading manifest: Invalid extension permission: resource://pdf.js/
1583399370101	addons.webextension.screenshots@mozilla.org	WARN	Loading extension 'screenshots@mozilla.org': Reading manifest: Invalid extension permission: about:reader*
JavaScript error: resource://gre/modules/XULStore.jsm, line 66: Error: Can't find profile directory.
1583399371695	Marionette	INFO	Listening on port 60650
1583399371816	Marionette	WARN	TLS certificate errors will be ignored for this session
[Parent 15780, Gecko_IOThread] WARNING: file z:/task_1581105380/build/src/ipc/chromium/src/chrome/common/ipc_channel_win.cc, line 307
[Parent 15780, Gecko_IOThread] WARNING: file z:/task_1581105380/build/src/ipc/chromium/src/chrome/common/ipc_channel_win.cc, line 307
1583399394233	Marionette	INFO	Stopped listening on port 60650

###!!! [Child][RunMessage] Error: Channel closing: too late to send/recv, messages will be lost


###!!! [Child][MessageChannel::SendAndWait] Error: Channel error: cannot send/recv

1583399653495	mozrunner::runner	INFO	Running command: "C:\\Program Files\\Mozilla Firefox\\firefox.exe" "-marionette" "-foreground" "-no-remote" "-profile" "C:\\Users\\CRISTI~1.DIA\\AppData\\Local\\Temp\\rust_mozprofile6wU8T9"
1583399653829	addons.webextension.doh-rollout@mozilla.org	WARN	Loading extension 'doh-rollout@mozilla.org': Reading manifest: Invalid extension permission: networkStatus
1583399653854	addons.webextension.screenshots@mozilla.org	WARN	Loading extension 'screenshots@mozilla.org': Reading manifest: Invalid extension permission: mozillaAddons
1583399653854	addons.webextension.screenshots@mozilla.org	WARN	Loading extension 'screenshots@mozilla.org': Reading manifest: Invalid extension permission: telemetry
1583399653854	addons.webextension.screenshots@mozilla.org	WARN	Loading extension 'screenshots@mozilla.org': Reading manifest: Invalid extension permission: resource://pdf.js/
1583399653855	addons.webextension.screenshots@mozilla.org	WARN	Loading extension 'screenshots@mozilla.org': Reading manifest: Invalid extension permission: about:reader*
JavaScript error: resource://gre/modules/XULStore.jsm, line 66: Error: Can't find profile directory.
1583399655323	Marionette	INFO	Listening on port 60931
1583399655626	Marionette	WARN	TLS certificate errors will be ignored for this session
JavaScript error: about:srcdoc, line 9: TypeError: parent is null
[Child 16424, Chrome_ChildThread] WARNING: pipe error: 232: file z:/task_1581105380/build/src/ipc/chromium/src/chrome/common/ipc_channel_win.cc, line 507
[Child 16424, Chrome_ChildThread] WARNING: pipe error: 232: file z:/task_1581105380/build/src/ipc/chromium/src/chrome/common/ipc_channel_win.cc, line 507
[Child 16424, Chrome_ChildThread] WARNING: pipe error: 232: file z:/task_1581105380/build/src/ipc/chromium/src/chrome/common/ipc_channel_win.cc, line 507

###!!! [Child][RunMessage] Error: Channel closing: too late to send/recv, messages will be lost


###!!! [Child][RunMessage] Error: Channel closing: too late to send/recv, messages will be lost

1583399659868	Marionette	INFO	Stopped listening on port 60931

###!!! [Child][RunMessage] Error: Channel closing: too late to send/recv, messages will be lost


###!!! [Child][MessageChannel::SendAndWait] Error: Channel error: cannot send/recv

1583400607669	mozrunner::runner	INFO	Running command: "C:\\Program Files\\Mozilla Firefox\\firefox.exe" "-marionette" "-foreground" "-no-remote" "-profile" "C:\\WINDOWS\\TEMP\\rust_mozprofileF1sPuO"
1583400608001	addons.webextension.doh-rollout@mozilla.org	WARN	Loading extension 'doh-rollout@mozilla.org': Reading manifest: Invalid extension permission: networkStatus
1583400608024	addons.webextension.screenshots@mozilla.org	WARN	Loading extension 'screenshots@mozilla.org': Reading manifest: Invalid extension permission: mozillaAddons
1583400608024	addons.webextension.screenshots@mozilla.org	WARN	Loading extension 'screenshots@mozilla.org': Reading manifest: Invalid extension permission: telemetry
1583400608025	addons.webextension.screenshots@mozilla.org	WARN	Loading extension 'screenshots@mozilla.org': Reading manifest: Invalid extension permission: resource://pdf.js/
1583400608025	addons.webextension.screenshots@mozilla.org	WARN	Loading extension 'screenshots@mozilla.org': Reading manifest: Invalid extension permission: about:reader*
JavaScript error: resource://gre/modules/XULStore.jsm, line 66: Error: Can't find profile directory.
1583400609394	Marionette	INFO	Listening on port 61611
1583400609789	Marionette	WARN	TLS certificate errors will be ignored for this session
JavaScript warning: https://www.amazon.com/s?k=Ferrari+458&ref=nb_sb_noss line 6 > scriptElement, line 1: Error: WebGL warning: getContext: Disallowing antialiased backbuffers due to blacklisting.
JavaScript warning: https://www.amazon.com/RASTAR-Ferrari-Remote-Control-Italia/dp/B06ZZLKDL9/ref=sr_1_9?keywords=Ferrari+458&qid=1583400612&sr=8-9 line 6 > scriptElement, line 1: Error: WebGL warning: getContext: Disallowing antialiased backbuffers due to blacklisting.
1583400624209	Marionette	INFO	Stopped listening on port 61611

###!!! [Child][MessageChannel] Error: (msgtype=0x58000D,name=PHttpChannel::Msg_DeletingChannel) Channel closing: too late to send/recv, messages will be lost

1583404897619	mozrunner::runner	INFO	Running command: "C:\\Program Files\\Mozilla Firefox\\firefox.exe" "-marionette" "-foreground" "-no-remote" "-profile" "C:\\WINDOWS\\TEMP\\rust_mozprofileCk7C5q"
1583404898754	addons.webextension.doh-rollout@mozilla.org	WARN	Loading extension 'doh-rollout@mozilla.org': Reading manifest: Invalid extension permission: networkStatus
1583404898808	addons.webextension.screenshots@mozilla.org	WARN	Loading extension 'screenshots@mozilla.org': Reading manifest: Invalid extension permission: mozillaAddons
1583404898808	addons.webextension.screenshots@mozilla.org	WARN	Loading extension 'screenshots@mozilla.org': Reading manifest: Invalid extension permission: telemetry
1583404898808	addons.webextension.screenshots@mozilla.org	WARN	Loading extension 'screenshots@mozilla.org': Reading manifest: Invalid extension permission: resource://pdf.js/
1583404898808	addons.webextension.screenshots@mozilla.org	WARN	Loading extension 'screenshots@mozilla.org': Reading manifest: Invalid extension permission: about:reader*
JavaScript error: resource://gre/modules/XULStore.jsm, line 66: Error: Can't find profile directory.
1583404901394	Marionette	INFO	Listening on port 62029
1583404901473	Marionette	WARN	TLS certificate errors will be ignored for this session
JavaScript warning: https://www.amazon.com/s?k=Ferrari+458&ref=nb_sb_noss line 6 > scriptElement, line 1: Error: WebGL warning: getContext: Disallowing antialiased backbuffers due to blacklisting.
[Parent 13716, Gecko_IOThread] WARNING: file z:/task_1581105380/build/src/ipc/chromium/src/chrome/common/ipc_channel_win.cc, line 307
[Parent 13716, Gecko_IOThread] WARNING: file z:/task_1581105380/build/src/ipc/chromium/src/chrome/common/ipc_channel_win.cc, line 307
JavaScript warning: https://www.amazon.com/RASTAR-Ferrari-Remote-Control-Italia/dp/B06ZZLKDL9/ref=sr_1_3?keywords=Ferrari+458&qid=1583404905&sr=8-3 line 6 > scriptElement, line 1: Error: WebGL warning: getContext: Disallowing antialiased backbuffers due to blacklisting.
1583404918135	Marionette	INFO	Stopped listening on port 62029
1583405612873	mozrunner::runner	INFO	Running command: "C:\\Program Files\\Mozilla Firefox\\firefox.exe" "-marionette" "-foreground" "-no-remote" "-profile" "C:\\WINDOWS\\TEMP\\rust_mozprofileRtMHIK"
1583405613318	addons.webextension.doh-rollout@mozilla.org	WARN	Loading extension 'doh-rollout@mozilla.org': Reading manifest: Invalid extension permission: networkStatus
1583405613343	addons.webextension.screenshots@mozilla.org	WARN	Loading extension 'screenshots@mozilla.org': Reading manifest: Invalid extension permission: mozillaAddons
1583405613343	addons.webextension.screenshots@mozilla.org	WARN	Loading extension 'screenshots@mozilla.org': Reading manifest: Invalid extension permission: telemetry
1583405613343	addons.webextension.screenshots@mozilla.org	WARN	Loading extension 'screenshots@mozilla.org': Reading manifest: Invalid extension permission: resource://pdf.js/
1583405613343	addons.webextension.screenshots@mozilla.org	WARN	Loading extension 'screenshots@mozilla.org': Reading manifest: Invalid extension permission: about:reader*
JavaScript error: resource://gre/modules/XULStore.jsm, line 66: Error: Can't find profile directory.
1583405614962	Marionette	INFO	Listening on port 63035
1583405614992	Marionette	WARN	TLS certificate errors will be ignored for this session
JavaScript warning: https://www.amazon.com/ line 6 > scriptElement, line 1: Error: WebGL warning: getContext: Disallowing antialiased backbuffers due to blacklisting.
JavaScript warning: https://www.amazon.com/s?k=Ferrari+458&ref=nb_sb_noss line 6 > scriptElement, line 1: Error: WebGL warning: getContext: Disallowing antialiased backbuffers due to blacklisting.
[Parent 3336, Gecko_IOThread] WARNING: file z:/task_1581105380/build/src/ipc/chromium/src/chrome/common/ipc_channel_win.cc, line 307
[Parent 3336, Gecko_IOThread] WARNING: file z:/task_1581105380/build/src/ipc/chromium/src/chrome/common/ipc_channel_win.cc, line 307
JavaScript warning: https://www.amazon.com/RASTAR-Ferrari-Remote-Control-Italia/dp/B06ZZLKDL9/ref=sr_1_3?keywords=Ferrari+458&qid=1583405617&sr=8-3 line 6 > scriptElement, line 1: Error: WebGL warning: getContext: Disallowing antialiased backbuffers due to blacklisting.
1583405629755	Marionette	INFO	Stopped listening on port 63035
1583406316607	mozrunner::runner	INFO	Running command: "C:\\Program Files\\Mozilla Firefox\\firefox.exe" "-marionette" "-foreground" "-no-remote" "-profile" "C:\\WINDOWS\\TEMP\\rust_mozprofilebLipEn"
1583406317026	addons.webextension.doh-rollout@mozilla.org	WARN	Loading extension 'doh-rollout@mozilla.org': Reading manifest: Invalid extension permission: networkStatus
1583406317056	addons.webextension.screenshots@mozilla.org	WARN	Loading extension 'screenshots@mozilla.org': Reading manifest: Invalid extension permission: mozillaAddons
1583406317056	addons.webextension.screenshots@mozilla.org	WARN	Loading extension 'screenshots@mozilla.org': Reading manifest: Invalid extension permission: telemetry
1583406317056	addons.webextension.screenshots@mozilla.org	WARN	Loading extension 'screenshots@mozilla.org': Reading manifest: Invalid extension permission: resource://pdf.js/
1583406317056	addons.webextension.screenshots@mozilla.org	WARN	Loading extension 'screenshots@mozilla.org': Reading manifest: Invalid extension permission: about:reader*
JavaScript error: resource://gre/modules/XULStore.jsm, line 66: Error: Can't find profile directory.
1583406318871	Marionette	INFO	Listening on port 63789
1583406319332	Marionette	WARN	TLS certificate errors will be ignored for this session
JavaScript warning: https://www.amazon.com/ line 6 > scriptElement, line 1: Error: WebGL warning: getContext: Disallowing antialiased backbuffers due to blacklisting.
JavaScript warning: https://www.amazon.com/s?k=Ferrari+458&ref=nb_sb_noss line 6 > scriptElement, line 1: Error: WebGL warning: getContext: Disallowing antialiased backbuffers due to blacklisting.
[Parent 17540, Gecko_IOThread] WARNING: file z:/task_1581105380/build/src/ipc/chromium/src/chrome/common/ipc_channel_win.cc, line 307
[Parent 17540, Gecko_IOThread] WARNING: file z:/task_1581105380/build/src/ipc/chromium/src/chrome/common/ipc_channel_win.cc, line 307
JavaScript warning: https://www.amazon.com/RASTAR-Ferrari-Remote-Control-Italia/dp/B06ZZLKDL9/ref=sr_1_3?keywords=Ferrari+458&qid=1583406322&sr=8-3 line 6 > scriptElement, line 1: Error: WebGL warning: getContext: Disallowing antialiased backbuffers due to blacklisting.
1583406337825	Marionette	INFO	Stopped listening on port 63789
